2023-03-28 20:46:29,865 INFO notifyConnectTimeout:200

2023-03-28 20:46:29,900 INFO notifySocketTimeout:8000

2023-03-28 20:46:29,926 INFO isHealthCheck:true

2023-03-28 20:46:29,932 INFO maxHealthCheckFailCount:12

2023-03-28 20:46:29,939 INFO maxContent:10485760

2023-03-28 20:46:29,948 INFO spring.datasource.platform:""

2023-03-28 20:46:48,382 INFO use local db service for init

2023-03-28 20:46:51,912 WARN Lexical error at line 4, column 66.  Encountered: <EOF> after : "".

2023-03-28 20:46:51,923 WARN Syntax error: Encountered "*" at line 1, column 1.

2023-03-28 20:46:53,601 WARN Lexical error at line 4, column 13.  Encountered: "`" (96), after : "".

2023-03-28 20:46:53,604 WARN Lexical error at line 1, column 13.  Encountered: "`" (96), after : "".

2023-03-28 20:46:53,607 WARN Lexical error at line 1, column 13.  Encountered: "`" (96), after : "".

2023-03-28 20:46:53,611 WARN Lexical error at line 1, column 13.  Encountered: "`" (96), after : "".

2023-03-28 20:46:53,612 INFO use StandaloneDatabaseOperateImpl

2023-03-28 20:46:57,765 WARN DumpService start

2023-03-28 20:46:57,772 INFO start clear all config-info.

2023-03-28 20:46:57,777 WARN clear all config-info failed.

2023-03-28 20:46:57,779 WARN clear all config-info-tenant failed.

2023-03-28 20:46:57,973 INFO start clear all config-info-beta.

2023-03-28 20:46:57,974 WARN clear all config-info-beta failed.

2023-03-28 20:46:57,979 WARN clear all config-info-beta-tenant failed.

2023-03-28 20:46:58,026 INFO start clear all config-info-tag.

2023-03-28 20:46:58,028 WARN clear all config-info-tag failed.

2023-03-28 20:46:58,030 WARN clear all config-info-tag-tenant failed.

