2023-03-29 16:46:31,339 INFO Starting Nacos v2.0.4 on f04ca6677ef6 with PID 1 (/home/nacos/target/nacos-server.jar started by root in /home/nacos)

2023-03-29 16:46:31,356 INFO The following profiles are active: standalone

2023-03-29 16:46:36,621 INFO Bean 'org.springframework.security.access.expression.method.DefaultMethodSecurityExpressionHandler@6d6bc158' of type [org.springframework.security.access.expression.method.DefaultMethodSecurityExpressionHandler] is not eligible for getting processed by all BeanPostProcessors (for example: not eligible for auto-proxying)

2023-03-29 16:46:36,632 INFO Bean 'methodSecurityMetadataSource' of type [org.springframework.security.access.method.DelegatingMethodSecurityMetadataSource] is not eligible for getting processed by all BeanPostProcessors (for example: not eligible for auto-proxying)

2023-03-29 16:46:37,225 INFO Tomcat initialized with port(s): 8848 (http)

2023-03-29 16:46:37,301 INFO Starting service [Tomcat]

2023-03-29 16:46:37,302 INFO Starting Servlet engine: [Apache Tomcat/9.0.38]

2023-03-29 16:46:37,852 INFO At least one JAR was scanned for TLDs yet contained no TLDs. Enable debug logging for this logger for a complete list of JARs that were scanned but no TLDs were found in them. Skipping unneeded JARs during scanning can improve startup time and JSP compilation time.

2023-03-29 16:46:37,924 INFO Initializing Spring embedded WebApplicationContext

2023-03-29 16:46:37,925 INFO Root WebApplicationContext: initialization completed in 6477 ms

2023-03-29 16:46:38,752 INFO HikariPool-1 - Starting...

2023-03-29 16:46:38,761 WARN Registered driver with driverClassName=org.apache.derby.jdbc.EmbeddedDriver was not found, trying direct instantiation.

2023-03-29 16:46:39,785 INFO HikariPool-1 - Driver does not support get/set network timeout for connections. (Feature not implemented: No details.)

2023-03-29 16:46:39,791 INFO HikariPool-1 - Start completed.

2023-03-29 16:46:41,312 INFO Nacos-related cluster resource initialization

2023-03-29 16:46:41,328 INFO Load com.alibaba.nacos.core.ability.RemoteAbilityInitializer for ServerAbilityInitializer

2023-03-29 16:46:41,329 INFO Load com.alibaba.nacos.naming.ability.NamingAbilityInitializer for ServerAbilityInitializer

2023-03-29 16:46:41,359 INFO The cluster resource is initialized

2023-03-29 16:46:41,464 INFO Get Distro config from env, DistroConfig{syncDelayMillis=1000, syncTimeoutMillis=3000, syncRetryDelayMillis=3000, verifyIntervalMillis=5000, verifyTimeoutMillis=3000, loadDataRetryDelayMillis=30000}

2023-03-29 16:46:42,394 INFO Reflections took 68 ms to scan 1 urls, producing 5 keys and 16 values 

2023-03-29 16:46:42,459 INFO Reflections took 6 ms to scan 1 urls, producing 4 keys and 28 values 

2023-03-29 16:46:42,490 INFO Reflections took 6 ms to scan 1 urls, producing 5 keys and 19 values 

2023-03-29 16:46:42,507 INFO Reflections took 2 ms to scan 1 urls, producing 2 keys and 12 values 

2023-03-29 16:46:43,623 INFO Reflections took 29 ms to scan 2 urls, producing 3 keys and 6 values 

2023-03-29 16:46:43,657 INFO Reflections took 30 ms to scan 2 urls, producing 4 keys and 9 values 

2023-03-29 16:46:43,688 INFO Reflections took 29 ms to scan 2 urls, producing 3 keys and 10 values 

2023-03-29 16:46:43,694 INFO Reflections took 2 ms to scan 1 urls, producing 2 keys and 2 values 

2023-03-29 16:46:43,727 INFO Reflections took 29 ms to scan 2 urls, producing 1 keys and 5 values 

2023-03-29 16:46:43,754 INFO Reflections took 24 ms to scan 2 urls, producing 1 keys and 7 values 

2023-03-29 16:46:43,793 INFO Reflections took 35 ms to scan 2 urls, producing 2 keys and 8 values 

2023-03-29 16:46:43,803 INFO Reflections took 3 ms to scan 1 urls, producing 1 keys and 1 values 

2023-03-29 16:46:46,416 INFO Initializing ExecutorService 'applicationTaskExecutor'

2023-03-29 16:46:46,658 INFO Adding welcome page: class path resource [static/index.html]

2023-03-29 16:46:47,550 INFO Creating filter chain: Ant [pattern='/**'], []

2023-03-29 16:46:47,621 INFO Creating filter chain: any request, [org.springframework.security.web.context.request.async.WebAsyncManagerIntegrationFilter@440eaa07, org.springframework.security.web.context.SecurityContextPersistenceFilter@514cd540, org.springframework.security.web.header.HeaderWriterFilter@f096f37, org.springframework.security.web.csrf.CsrfFilter@3cff0139, org.springframework.security.web.authentication.logout.LogoutFilter@186cb891, org.springframework.security.web.savedrequest.RequestCacheAwareFilter@6f4ade6e, org.springframework.security.web.servletapi.SecurityContextHolderAwareRequestFilter@390877d2, org.springframework.security.web.authentication.AnonymousAuthenticationFilter@7fc7c4a, org.springframework.security.web.session.SessionManagementFilter@41f4fe5, org.springframework.security.web.access.ExceptionTranslationFilter@4b2e3e8f]

2023-03-29 16:46:47,821 INFO Initializing ExecutorService 'taskScheduler'

2023-03-29 16:46:47,864 INFO Exposing 16 endpoint(s) beneath base path '/actuator'

2023-03-29 16:46:48,058 INFO Tomcat started on port(s): 8848 (http) with context path '/nacos'

2023-03-29 16:46:48,066 INFO Started Nacos in 19.384 seconds (JVM running for 20.421)

2023-03-29 16:46:48,068 INFO Nacos started successfully in stand alone mode. use embedded storage

2023-03-29 16:46:49,659 INFO Initializing Spring DispatcherServlet 'dispatcherServlet'

2023-03-29 16:46:49,661 INFO Initializing Servlet 'dispatcherServlet'

2023-03-29 16:46:49,687 INFO Completed initialization in 26 ms

2023-03-29 16:53:05,433 WARN [HttpClientBeanHolder] Start destroying common HttpClient

2023-03-29 16:53:05,433 WARN [WatchFileCenter] start close

2023-03-29 16:53:05,448 WARN [WatchFileCenter] start to shutdown this watcher which is watch : /home/nacos/data/tps

2023-03-29 16:53:05,449 WARN [WatchFileCenter] start to shutdown this watcher which is watch : /home/nacos/conf

2023-03-29 16:53:05,504 WARN [HttpClientBeanHolder] Destruction of the end

2023-03-29 16:53:05,441 WARN [NotifyCenter] Start destroying Publisher

2023-03-29 16:53:05,505 WARN [WatchFileCenter] start to shutdown this watcher which is watch : /home/nacos/data/loader

2023-03-29 16:53:05,527 WARN [WatchFileCenter] already closed

2023-03-29 16:53:05,543 WARN [NotifyCenter] Destruction of the end

2023-03-29 16:53:05,517 WARN [ConfigServer-HttpClientManager] Start destroying NacosRestTemplate

2023-03-29 16:53:05,549 WARN [ThreadPoolManager] Start destroying ThreadPool

2023-03-29 16:53:05,559 WARN [ConfigServer-HttpClientManager] Destruction of the end

2023-03-29 16:53:05,564 INFO Shutting down ExecutorService 'taskScheduler'

2023-03-29 16:53:05,569 INFO Shutting down ExecutorService 'applicationTaskExecutor'

2023-03-29 16:53:07,498 WARN [ThreadPoolManager] Destruction of the end

