2023-03-29 16:46:44,353 INFO Connection check task start

2023-03-29 16:46:44,379 INFO Total count =0, sdkCount=0,clusterCount=0, currentLimit=-1, toExpelCount=0

2023-03-29 16:46:44,380 INFO Check over limit for ip limit rule, over limit ip count=0

2023-03-29 16:46:44,381 INFO Out dated connection ,size=0

2023-03-29 16:46:44,382 INFO Connection check task end

2023-03-29 16:46:47,383 INFO Connection check task start

2023-03-29 16:46:47,384 INFO Total count =0, sdkCount=0,clusterCount=0, currentLimit=-1, toExpelCount=0

2023-03-29 16:46:47,387 INFO Check over limit for ip limit rule, over limit ip count=0

2023-03-29 16:46:47,388 INFO Out dated connection ,size=0

2023-03-29 16:46:47,389 INFO Connection check task end

2023-03-29 16:46:50,390 INFO Connection check task start

2023-03-29 16:46:50,391 INFO Total count =0, sdkCount=0,clusterCount=0, currentLimit=-1, toExpelCount=0

2023-03-29 16:46:50,392 INFO Check over limit for ip limit rule, over limit ip count=0

2023-03-29 16:46:50,393 INFO Out dated connection ,size=0

2023-03-29 16:46:50,393 INFO Connection check task end

2023-03-29 16:46:53,394 INFO Connection check task start

2023-03-29 16:46:53,395 INFO Total count =0, sdkCount=0,clusterCount=0, currentLimit=-1, toExpelCount=0

2023-03-29 16:46:53,396 INFO Check over limit for ip limit rule, over limit ip count=0

2023-03-29 16:46:53,396 INFO Out dated connection ,size=0

2023-03-29 16:46:53,397 INFO Connection check task end

2023-03-29 16:46:56,397 INFO Connection check task start

2023-03-29 16:46:56,398 INFO Total count =0, sdkCount=0,clusterCount=0, currentLimit=-1, toExpelCount=0

2023-03-29 16:46:56,399 INFO Check over limit for ip limit rule, over limit ip count=0

2023-03-29 16:46:56,399 INFO Out dated connection ,size=0

2023-03-29 16:46:56,400 INFO Connection check task end

2023-03-29 16:46:59,401 INFO Connection check task start

2023-03-29 16:46:59,402 INFO Total count =0, sdkCount=0,clusterCount=0, currentLimit=-1, toExpelCount=0

2023-03-29 16:46:59,403 INFO Check over limit for ip limit rule, over limit ip count=0

2023-03-29 16:46:59,404 INFO Out dated connection ,size=0

2023-03-29 16:46:59,404 INFO Connection check task end

2023-03-29 16:47:02,405 INFO Connection check task start

2023-03-29 16:47:02,407 INFO Total count =0, sdkCount=0,clusterCount=0, currentLimit=-1, toExpelCount=0

2023-03-29 16:47:02,407 INFO Check over limit for ip limit rule, over limit ip count=0

2023-03-29 16:47:02,408 INFO Out dated connection ,size=0

2023-03-29 16:47:02,409 INFO Connection check task end

2023-03-29 16:47:05,409 INFO Connection check task start

2023-03-29 16:47:05,411 INFO Total count =0, sdkCount=0,clusterCount=0, currentLimit=-1, toExpelCount=0

2023-03-29 16:47:05,412 INFO Check over limit for ip limit rule, over limit ip count=0

2023-03-29 16:47:05,413 INFO Out dated connection ,size=0

2023-03-29 16:47:05,413 INFO Connection check task end

2023-03-29 16:47:08,414 INFO Connection check task start

2023-03-29 16:47:08,415 INFO Total count =0, sdkCount=0,clusterCount=0, currentLimit=-1, toExpelCount=0

2023-03-29 16:47:08,415 INFO Check over limit for ip limit rule, over limit ip count=0

2023-03-29 16:47:08,415 INFO Out dated connection ,size=0

2023-03-29 16:47:08,415 INFO Connection check task end

2023-03-29 16:47:11,416 INFO Connection check task start

2023-03-29 16:47:11,417 INFO Total count =0, sdkCount=0,clusterCount=0, currentLimit=-1, toExpelCount=0

2023-03-29 16:47:11,418 INFO Check over limit for ip limit rule, over limit ip count=0

2023-03-29 16:47:11,418 INFO Out dated connection ,size=0

2023-03-29 16:47:11,419 INFO Connection check task end

2023-03-29 16:47:14,419 INFO Connection check task start

2023-03-29 16:47:14,420 INFO Total count =0, sdkCount=0,clusterCount=0, currentLimit=-1, toExpelCount=0

2023-03-29 16:47:14,421 INFO Check over limit for ip limit rule, over limit ip count=0

2023-03-29 16:47:14,422 INFO Out dated connection ,size=0

2023-03-29 16:47:14,422 INFO Connection check task end

2023-03-29 16:47:17,423 INFO Connection check task start

2023-03-29 16:47:17,424 INFO Total count =0, sdkCount=0,clusterCount=0, currentLimit=-1, toExpelCount=0

2023-03-29 16:47:17,425 INFO Check over limit for ip limit rule, over limit ip count=0

2023-03-29 16:47:17,425 INFO Out dated connection ,size=0

2023-03-29 16:47:17,426 INFO Connection check task end

2023-03-29 16:47:20,427 INFO Connection check task start

2023-03-29 16:47:20,428 INFO Total count =0, sdkCount=0,clusterCount=0, currentLimit=-1, toExpelCount=0

2023-03-29 16:47:20,428 INFO Check over limit for ip limit rule, over limit ip count=0

2023-03-29 16:47:20,429 INFO Out dated connection ,size=0

2023-03-29 16:47:20,429 INFO Connection check task end

2023-03-29 16:47:23,430 INFO Connection check task start

2023-03-29 16:47:23,432 INFO Total count =0, sdkCount=0,clusterCount=0, currentLimit=-1, toExpelCount=0

2023-03-29 16:47:23,433 INFO Check over limit for ip limit rule, over limit ip count=0

2023-03-29 16:47:23,433 INFO Out dated connection ,size=0

2023-03-29 16:47:23,434 INFO Connection check task end

2023-03-29 16:47:26,434 INFO Connection check task start

2023-03-29 16:47:26,435 INFO Total count =0, sdkCount=0,clusterCount=0, currentLimit=-1, toExpelCount=0

2023-03-29 16:47:26,436 INFO Check over limit for ip limit rule, over limit ip count=0

2023-03-29 16:47:26,436 INFO Out dated connection ,size=0

2023-03-29 16:47:26,437 INFO Connection check task end

2023-03-29 16:47:29,437 INFO Connection check task start

2023-03-29 16:47:29,438 INFO Total count =0, sdkCount=0,clusterCount=0, currentLimit=-1, toExpelCount=0

2023-03-29 16:47:29,439 INFO Check over limit for ip limit rule, over limit ip count=0

2023-03-29 16:47:29,439 INFO Out dated connection ,size=0

2023-03-29 16:47:29,440 INFO Connection check task end

2023-03-29 16:47:32,440 INFO Connection check task start

2023-03-29 16:47:32,442 INFO Total count =0, sdkCount=0,clusterCount=0, currentLimit=-1, toExpelCount=0

2023-03-29 16:47:32,442 INFO Check over limit for ip limit rule, over limit ip count=0

2023-03-29 16:47:32,443 INFO Out dated connection ,size=0

2023-03-29 16:47:32,444 INFO Connection check task end

2023-03-29 16:47:35,445 INFO Connection check task start

2023-03-29 16:47:35,447 INFO Total count =0, sdkCount=0,clusterCount=0, currentLimit=-1, toExpelCount=0

2023-03-29 16:47:35,447 INFO Check over limit for ip limit rule, over limit ip count=0

2023-03-29 16:47:35,448 INFO Out dated connection ,size=0

2023-03-29 16:47:35,449 INFO Connection check task end

2023-03-29 16:47:38,449 INFO Connection check task start

2023-03-29 16:47:38,451 INFO Total count =0, sdkCount=0,clusterCount=0, currentLimit=-1, toExpelCount=0

2023-03-29 16:47:38,451 INFO Check over limit for ip limit rule, over limit ip count=0

2023-03-29 16:47:38,452 INFO Out dated connection ,size=0

2023-03-29 16:47:38,452 INFO Connection check task end

2023-03-29 16:47:41,453 INFO Connection check task start

2023-03-29 16:47:41,454 INFO Total count =0, sdkCount=0,clusterCount=0, currentLimit=-1, toExpelCount=0

2023-03-29 16:47:41,455 INFO Check over limit for ip limit rule, over limit ip count=0

2023-03-29 16:47:41,455 INFO Out dated connection ,size=0

2023-03-29 16:47:41,456 INFO Connection check task end

2023-03-29 16:47:44,457 INFO Connection check task start

2023-03-29 16:47:44,458 INFO Total count =0, sdkCount=0,clusterCount=0, currentLimit=-1, toExpelCount=0

2023-03-29 16:47:44,458 INFO Check over limit for ip limit rule, over limit ip count=0

2023-03-29 16:47:44,459 INFO Out dated connection ,size=0

2023-03-29 16:47:44,459 INFO Connection check task end

2023-03-29 16:47:47,460 INFO Connection check task start

2023-03-29 16:47:47,462 INFO Total count =0, sdkCount=0,clusterCount=0, currentLimit=-1, toExpelCount=0

2023-03-29 16:47:47,463 INFO Check over limit for ip limit rule, over limit ip count=0

2023-03-29 16:47:47,463 INFO Out dated connection ,size=0

2023-03-29 16:47:47,465 INFO Connection check task end

2023-03-29 16:47:50,465 INFO Connection check task start

2023-03-29 16:47:50,467 INFO Total count =0, sdkCount=0,clusterCount=0, currentLimit=-1, toExpelCount=0

2023-03-29 16:47:50,467 INFO Check over limit for ip limit rule, over limit ip count=0

2023-03-29 16:47:50,468 INFO Out dated connection ,size=0

2023-03-29 16:47:50,469 INFO Connection check task end

2023-03-29 16:47:53,469 INFO Connection check task start

2023-03-29 16:47:53,470 INFO Total count =0, sdkCount=0,clusterCount=0, currentLimit=-1, toExpelCount=0

2023-03-29 16:47:53,471 INFO Check over limit for ip limit rule, over limit ip count=0

2023-03-29 16:47:53,472 INFO Out dated connection ,size=0

2023-03-29 16:47:53,472 INFO Connection check task end

2023-03-29 16:47:56,473 INFO Connection check task start

2023-03-29 16:47:56,474 INFO Total count =0, sdkCount=0,clusterCount=0, currentLimit=-1, toExpelCount=0

2023-03-29 16:47:56,474 INFO Check over limit for ip limit rule, over limit ip count=0

2023-03-29 16:47:56,475 INFO Out dated connection ,size=0

2023-03-29 16:47:56,475 INFO Connection check task end

2023-03-29 16:47:59,476 INFO Connection check task start

2023-03-29 16:47:59,478 INFO Total count =0, sdkCount=0,clusterCount=0, currentLimit=-1, toExpelCount=0

2023-03-29 16:47:59,479 INFO Check over limit for ip limit rule, over limit ip count=0

2023-03-29 16:47:59,479 INFO Out dated connection ,size=0

2023-03-29 16:47:59,480 INFO Connection check task end

2023-03-29 16:48:02,481 INFO Connection check task start

2023-03-29 16:48:02,482 INFO Total count =0, sdkCount=0,clusterCount=0, currentLimit=-1, toExpelCount=0

2023-03-29 16:48:02,483 INFO Check over limit for ip limit rule, over limit ip count=0

2023-03-29 16:48:02,484 INFO Out dated connection ,size=0

2023-03-29 16:48:02,484 INFO Connection check task end

2023-03-29 16:48:05,485 INFO Connection check task start

2023-03-29 16:48:05,487 INFO Total count =0, sdkCount=0,clusterCount=0, currentLimit=-1, toExpelCount=0

2023-03-29 16:48:05,489 INFO Check over limit for ip limit rule, over limit ip count=0

2023-03-29 16:48:05,489 INFO Out dated connection ,size=0

2023-03-29 16:48:05,490 INFO Connection check task end

2023-03-29 16:48:08,490 INFO Connection check task start

2023-03-29 16:48:08,491 INFO Total count =0, sdkCount=0,clusterCount=0, currentLimit=-1, toExpelCount=0

2023-03-29 16:48:08,492 INFO Check over limit for ip limit rule, over limit ip count=0

2023-03-29 16:48:08,492 INFO Out dated connection ,size=0

2023-03-29 16:48:08,492 INFO Connection check task end

2023-03-29 16:48:11,493 INFO Connection check task start

2023-03-29 16:48:11,494 INFO Total count =0, sdkCount=0,clusterCount=0, currentLimit=-1, toExpelCount=0

2023-03-29 16:48:11,495 INFO Check over limit for ip limit rule, over limit ip count=0

2023-03-29 16:48:11,495 INFO Out dated connection ,size=0

2023-03-29 16:48:11,496 INFO Connection check task end

2023-03-29 16:48:14,496 INFO Connection check task start

2023-03-29 16:48:14,497 INFO Total count =0, sdkCount=0,clusterCount=0, currentLimit=-1, toExpelCount=0

2023-03-29 16:48:14,497 INFO Check over limit for ip limit rule, over limit ip count=0

2023-03-29 16:48:14,498 INFO Out dated connection ,size=0

2023-03-29 16:48:14,498 INFO Connection check task end

2023-03-29 16:48:17,499 INFO Connection check task start

2023-03-29 16:48:17,500 INFO Total count =0, sdkCount=0,clusterCount=0, currentLimit=-1, toExpelCount=0

2023-03-29 16:48:17,500 INFO Check over limit for ip limit rule, over limit ip count=0

2023-03-29 16:48:17,501 INFO Out dated connection ,size=0

2023-03-29 16:48:17,502 INFO Connection check task end

2023-03-29 16:48:20,502 INFO Connection check task start

2023-03-29 16:48:20,503 INFO Total count =0, sdkCount=0,clusterCount=0, currentLimit=-1, toExpelCount=0

2023-03-29 16:48:20,504 INFO Check over limit for ip limit rule, over limit ip count=0

2023-03-29 16:48:20,504 INFO Out dated connection ,size=0

2023-03-29 16:48:20,504 INFO Connection check task end

2023-03-29 16:48:23,505 INFO Connection check task start

2023-03-29 16:48:23,507 INFO Total count =0, sdkCount=0,clusterCount=0, currentLimit=-1, toExpelCount=0

2023-03-29 16:48:23,508 INFO Check over limit for ip limit rule, over limit ip count=0

2023-03-29 16:48:23,509 INFO Out dated connection ,size=0

2023-03-29 16:48:23,510 INFO Connection check task end

2023-03-29 16:48:26,510 INFO Connection check task start

2023-03-29 16:48:26,511 INFO Total count =0, sdkCount=0,clusterCount=0, currentLimit=-1, toExpelCount=0

2023-03-29 16:48:26,511 INFO Check over limit for ip limit rule, over limit ip count=0

2023-03-29 16:48:26,512 INFO Out dated connection ,size=0

2023-03-29 16:48:26,513 INFO Connection check task end

2023-03-29 16:48:29,513 INFO Connection check task start

2023-03-29 16:48:29,514 INFO Total count =0, sdkCount=0,clusterCount=0, currentLimit=-1, toExpelCount=0

2023-03-29 16:48:29,515 INFO Check over limit for ip limit rule, over limit ip count=0

2023-03-29 16:48:29,515 INFO Out dated connection ,size=0

2023-03-29 16:48:29,516 INFO Connection check task end

2023-03-29 16:48:32,517 INFO Connection check task start

2023-03-29 16:48:32,518 INFO Total count =0, sdkCount=0,clusterCount=0, currentLimit=-1, toExpelCount=0

2023-03-29 16:48:32,518 INFO Check over limit for ip limit rule, over limit ip count=0

2023-03-29 16:48:32,518 INFO Out dated connection ,size=0

2023-03-29 16:48:32,519 INFO Connection check task end

2023-03-29 16:48:35,520 INFO Connection check task start

2023-03-29 16:48:35,521 INFO Total count =0, sdkCount=0,clusterCount=0, currentLimit=-1, toExpelCount=0

2023-03-29 16:48:35,522 INFO Check over limit for ip limit rule, over limit ip count=0

2023-03-29 16:48:35,522 INFO Out dated connection ,size=0

2023-03-29 16:48:35,523 INFO Connection check task end

2023-03-29 16:48:38,523 INFO Connection check task start

2023-03-29 16:48:38,524 INFO Total count =0, sdkCount=0,clusterCount=0, currentLimit=-1, toExpelCount=0

2023-03-29 16:48:38,524 INFO Check over limit for ip limit rule, over limit ip count=0

2023-03-29 16:48:38,525 INFO Out dated connection ,size=0

2023-03-29 16:48:38,525 INFO Connection check task end

2023-03-29 16:48:41,526 INFO Connection check task start

2023-03-29 16:48:41,527 INFO Total count =0, sdkCount=0,clusterCount=0, currentLimit=-1, toExpelCount=0

2023-03-29 16:48:41,527 INFO Check over limit for ip limit rule, over limit ip count=0

2023-03-29 16:48:41,528 INFO Out dated connection ,size=0

2023-03-29 16:48:41,528 INFO Connection check task end

2023-03-29 16:48:44,529 INFO Connection check task start

2023-03-29 16:48:44,530 INFO Total count =0, sdkCount=0,clusterCount=0, currentLimit=-1, toExpelCount=0

2023-03-29 16:48:44,530 INFO Check over limit for ip limit rule, over limit ip count=0

2023-03-29 16:48:44,530 INFO Out dated connection ,size=0

2023-03-29 16:48:44,531 INFO Connection check task end

2023-03-29 16:48:47,531 INFO Connection check task start

2023-03-29 16:48:47,532 INFO Total count =0, sdkCount=0,clusterCount=0, currentLimit=-1, toExpelCount=0

2023-03-29 16:48:47,533 INFO Check over limit for ip limit rule, over limit ip count=0

2023-03-29 16:48:47,533 INFO Out dated connection ,size=0

2023-03-29 16:48:47,534 INFO Connection check task end

2023-03-29 16:48:50,535 INFO Connection check task start

2023-03-29 16:48:50,536 INFO Total count =0, sdkCount=0,clusterCount=0, currentLimit=-1, toExpelCount=0

2023-03-29 16:48:50,537 INFO Check over limit for ip limit rule, over limit ip count=0

2023-03-29 16:48:50,538 INFO Out dated connection ,size=0

2023-03-29 16:48:50,538 INFO Connection check task end

2023-03-29 16:48:53,539 INFO Connection check task start

2023-03-29 16:48:53,540 INFO Total count =0, sdkCount=0,clusterCount=0, currentLimit=-1, toExpelCount=0

2023-03-29 16:48:53,541 INFO Check over limit for ip limit rule, over limit ip count=0

2023-03-29 16:48:53,542 INFO Out dated connection ,size=0

2023-03-29 16:48:53,543 INFO Connection check task end

2023-03-29 16:48:56,543 INFO Connection check task start

2023-03-29 16:48:56,544 INFO Total count =0, sdkCount=0,clusterCount=0, currentLimit=-1, toExpelCount=0

2023-03-29 16:48:56,544 INFO Check over limit for ip limit rule, over limit ip count=0

2023-03-29 16:48:56,545 INFO Out dated connection ,size=0

2023-03-29 16:48:56,545 INFO Connection check task end

2023-03-29 16:48:59,546 INFO Connection check task start

2023-03-29 16:48:59,547 INFO Total count =0, sdkCount=0,clusterCount=0, currentLimit=-1, toExpelCount=0

2023-03-29 16:48:59,547 INFO Check over limit for ip limit rule, over limit ip count=0

2023-03-29 16:48:59,548 INFO Out dated connection ,size=0

2023-03-29 16:48:59,549 INFO Connection check task end

2023-03-29 16:49:02,549 INFO Connection check task start

2023-03-29 16:49:02,550 INFO Total count =0, sdkCount=0,clusterCount=0, currentLimit=-1, toExpelCount=0

2023-03-29 16:49:02,551 INFO Check over limit for ip limit rule, over limit ip count=0

2023-03-29 16:49:02,552 INFO Out dated connection ,size=0

2023-03-29 16:49:02,552 INFO Connection check task end

2023-03-29 16:49:05,552 INFO Connection check task start

2023-03-29 16:49:05,554 INFO Total count =0, sdkCount=0,clusterCount=0, currentLimit=-1, toExpelCount=0

2023-03-29 16:49:05,555 INFO Check over limit for ip limit rule, over limit ip count=0

2023-03-29 16:49:05,556 INFO Out dated connection ,size=0

2023-03-29 16:49:05,557 INFO Connection check task end

2023-03-29 16:49:08,557 INFO Connection check task start

2023-03-29 16:49:08,559 INFO Total count =0, sdkCount=0,clusterCount=0, currentLimit=-1, toExpelCount=0

2023-03-29 16:49:08,559 INFO Check over limit for ip limit rule, over limit ip count=0

2023-03-29 16:49:08,560 INFO Out dated connection ,size=0

2023-03-29 16:49:08,561 INFO Connection check task end

2023-03-29 16:49:11,562 INFO Connection check task start

2023-03-29 16:49:11,563 INFO Total count =0, sdkCount=0,clusterCount=0, currentLimit=-1, toExpelCount=0

2023-03-29 16:49:11,564 INFO Check over limit for ip limit rule, over limit ip count=0

2023-03-29 16:49:11,565 INFO Out dated connection ,size=0

2023-03-29 16:49:11,565 INFO Connection check task end

2023-03-29 16:49:14,566 INFO Connection check task start

2023-03-29 16:49:14,567 INFO Total count =0, sdkCount=0,clusterCount=0, currentLimit=-1, toExpelCount=0

2023-03-29 16:49:14,567 INFO Check over limit for ip limit rule, over limit ip count=0

2023-03-29 16:49:14,568 INFO Out dated connection ,size=0

2023-03-29 16:49:14,569 INFO Connection check task end

2023-03-29 16:49:17,569 INFO Connection check task start

2023-03-29 16:49:17,571 INFO Total count =0, sdkCount=0,clusterCount=0, currentLimit=-1, toExpelCount=0

2023-03-29 16:49:17,571 INFO Check over limit for ip limit rule, over limit ip count=0

2023-03-29 16:49:17,572 INFO Out dated connection ,size=0

2023-03-29 16:49:17,573 INFO Connection check task end

2023-03-29 16:49:20,573 INFO Connection check task start

2023-03-29 16:49:20,576 INFO Total count =0, sdkCount=0,clusterCount=0, currentLimit=-1, toExpelCount=0

2023-03-29 16:49:20,577 INFO Check over limit for ip limit rule, over limit ip count=0

2023-03-29 16:49:20,578 INFO Out dated connection ,size=0

2023-03-29 16:49:20,579 INFO Connection check task end

2023-03-29 16:49:23,581 INFO Connection check task start

2023-03-29 16:49:23,582 INFO Total count =0, sdkCount=0,clusterCount=0, currentLimit=-1, toExpelCount=0

2023-03-29 16:49:23,583 INFO Check over limit for ip limit rule, over limit ip count=0

2023-03-29 16:49:23,583 INFO Out dated connection ,size=0

2023-03-29 16:49:23,584 INFO Connection check task end

2023-03-29 16:49:26,585 INFO Connection check task start

2023-03-29 16:49:26,586 INFO Total count =0, sdkCount=0,clusterCount=0, currentLimit=-1, toExpelCount=0

2023-03-29 16:49:26,587 INFO Check over limit for ip limit rule, over limit ip count=0

2023-03-29 16:49:26,588 INFO Out dated connection ,size=0

2023-03-29 16:49:26,589 INFO Connection check task end

2023-03-29 16:49:29,590 INFO Connection check task start

2023-03-29 16:49:29,591 INFO Total count =0, sdkCount=0,clusterCount=0, currentLimit=-1, toExpelCount=0

2023-03-29 16:49:29,592 INFO Check over limit for ip limit rule, over limit ip count=0

2023-03-29 16:49:29,593 INFO Out dated connection ,size=0

2023-03-29 16:49:29,594 INFO Connection check task end

2023-03-29 16:49:32,595 INFO Connection check task start

2023-03-29 16:49:32,596 INFO Total count =0, sdkCount=0,clusterCount=0, currentLimit=-1, toExpelCount=0

2023-03-29 16:49:32,596 INFO Check over limit for ip limit rule, over limit ip count=0

2023-03-29 16:49:32,597 INFO Out dated connection ,size=0

2023-03-29 16:49:32,597 INFO Connection check task end

2023-03-29 16:49:35,599 INFO Connection check task start

2023-03-29 16:49:35,600 INFO Total count =0, sdkCount=0,clusterCount=0, currentLimit=-1, toExpelCount=0

2023-03-29 16:49:35,602 INFO Check over limit for ip limit rule, over limit ip count=0

2023-03-29 16:49:35,603 INFO Out dated connection ,size=0

2023-03-29 16:49:35,604 INFO Connection check task end

2023-03-29 16:49:38,605 INFO Connection check task start

2023-03-29 16:49:38,617 INFO Total count =0, sdkCount=0,clusterCount=0, currentLimit=-1, toExpelCount=0

2023-03-29 16:49:38,618 INFO Check over limit for ip limit rule, over limit ip count=0

2023-03-29 16:49:38,619 INFO Out dated connection ,size=0

2023-03-29 16:49:38,620 INFO Connection check task end

2023-03-29 16:49:41,620 INFO Connection check task start

2023-03-29 16:49:41,622 INFO Total count =0, sdkCount=0,clusterCount=0, currentLimit=-1, toExpelCount=0

2023-03-29 16:49:41,623 INFO Check over limit for ip limit rule, over limit ip count=0

2023-03-29 16:49:41,624 INFO Out dated connection ,size=0

2023-03-29 16:49:41,625 INFO Connection check task end

2023-03-29 16:49:44,630 INFO Connection check task start

2023-03-29 16:49:44,632 INFO Total count =0, sdkCount=0,clusterCount=0, currentLimit=-1, toExpelCount=0

2023-03-29 16:49:44,633 INFO Check over limit for ip limit rule, over limit ip count=0

2023-03-29 16:49:44,633 INFO Out dated connection ,size=0

2023-03-29 16:49:44,634 INFO Connection check task end

2023-03-29 16:49:47,635 INFO Connection check task start

2023-03-29 16:49:47,637 INFO Total count =0, sdkCount=0,clusterCount=0, currentLimit=-1, toExpelCount=0

2023-03-29 16:49:47,638 INFO Check over limit for ip limit rule, over limit ip count=0

2023-03-29 16:49:47,639 INFO Out dated connection ,size=0

2023-03-29 16:49:47,641 INFO Connection check task end

2023-03-29 16:49:50,642 INFO Connection check task start

2023-03-29 16:49:50,643 INFO Total count =0, sdkCount=0,clusterCount=0, currentLimit=-1, toExpelCount=0

2023-03-29 16:49:50,643 INFO Check over limit for ip limit rule, over limit ip count=0

2023-03-29 16:49:50,644 INFO Out dated connection ,size=0

2023-03-29 16:49:50,644 INFO Connection check task end

2023-03-29 16:49:53,646 INFO Connection check task start

2023-03-29 16:49:53,648 INFO Total count =0, sdkCount=0,clusterCount=0, currentLimit=-1, toExpelCount=0

2023-03-29 16:49:53,649 INFO Check over limit for ip limit rule, over limit ip count=0

2023-03-29 16:49:53,649 INFO Out dated connection ,size=0

2023-03-29 16:49:53,650 INFO Connection check task end

2023-03-29 16:49:56,650 INFO Connection check task start

2023-03-29 16:49:56,651 INFO Total count =0, sdkCount=0,clusterCount=0, currentLimit=-1, toExpelCount=0

2023-03-29 16:49:56,652 INFO Check over limit for ip limit rule, over limit ip count=0

2023-03-29 16:49:56,652 INFO Out dated connection ,size=0

2023-03-29 16:49:56,652 INFO Connection check task end

2023-03-29 16:49:59,653 INFO Connection check task start

2023-03-29 16:49:59,654 INFO Total count =0, sdkCount=0,clusterCount=0, currentLimit=-1, toExpelCount=0

2023-03-29 16:49:59,655 INFO Check over limit for ip limit rule, over limit ip count=0

2023-03-29 16:49:59,655 INFO Out dated connection ,size=0

2023-03-29 16:49:59,656 INFO Connection check task end

2023-03-29 16:50:02,656 INFO Connection check task start

2023-03-29 16:50:02,657 INFO Total count =0, sdkCount=0,clusterCount=0, currentLimit=-1, toExpelCount=0

2023-03-29 16:50:02,658 INFO Check over limit for ip limit rule, over limit ip count=0

2023-03-29 16:50:02,659 INFO Out dated connection ,size=0

2023-03-29 16:50:02,659 INFO Connection check task end

2023-03-29 16:50:05,660 INFO Connection check task start

2023-03-29 16:50:05,661 INFO Total count =0, sdkCount=0,clusterCount=0, currentLimit=-1, toExpelCount=0

2023-03-29 16:50:05,662 INFO Check over limit for ip limit rule, over limit ip count=0

2023-03-29 16:50:05,662 INFO Out dated connection ,size=0

2023-03-29 16:50:05,663 INFO Connection check task end

2023-03-29 16:50:08,663 INFO Connection check task start

2023-03-29 16:50:08,665 INFO Total count =0, sdkCount=0,clusterCount=0, currentLimit=-1, toExpelCount=0

2023-03-29 16:50:08,665 INFO Check over limit for ip limit rule, over limit ip count=0

2023-03-29 16:50:08,665 INFO Out dated connection ,size=0

2023-03-29 16:50:08,666 INFO Connection check task end

2023-03-29 16:50:11,666 INFO Connection check task start

2023-03-29 16:50:11,668 INFO Total count =0, sdkCount=0,clusterCount=0, currentLimit=-1, toExpelCount=0

2023-03-29 16:50:11,669 INFO Check over limit for ip limit rule, over limit ip count=0

2023-03-29 16:50:11,669 INFO Out dated connection ,size=0

2023-03-29 16:50:11,670 INFO Connection check task end

2023-03-29 16:50:14,670 INFO Connection check task start

2023-03-29 16:50:14,672 INFO Total count =0, sdkCount=0,clusterCount=0, currentLimit=-1, toExpelCount=0

2023-03-29 16:50:14,672 INFO Check over limit for ip limit rule, over limit ip count=0

2023-03-29 16:50:14,673 INFO Out dated connection ,size=0

2023-03-29 16:50:14,673 INFO Connection check task end

2023-03-29 16:50:17,673 INFO Connection check task start

2023-03-29 16:50:17,674 INFO Total count =0, sdkCount=0,clusterCount=0, currentLimit=-1, toExpelCount=0

2023-03-29 16:50:17,675 INFO Check over limit for ip limit rule, over limit ip count=0

2023-03-29 16:50:17,675 INFO Out dated connection ,size=0

2023-03-29 16:50:17,676 INFO Connection check task end

2023-03-29 16:50:20,676 INFO Connection check task start

2023-03-29 16:50:20,677 INFO Total count =0, sdkCount=0,clusterCount=0, currentLimit=-1, toExpelCount=0

2023-03-29 16:50:20,678 INFO Check over limit for ip limit rule, over limit ip count=0

2023-03-29 16:50:20,678 INFO Out dated connection ,size=0

2023-03-29 16:50:20,678 INFO Connection check task end

2023-03-29 16:50:23,679 INFO Connection check task start

2023-03-29 16:50:23,681 INFO Total count =0, sdkCount=0,clusterCount=0, currentLimit=-1, toExpelCount=0

2023-03-29 16:50:23,682 INFO Check over limit for ip limit rule, over limit ip count=0

2023-03-29 16:50:23,682 INFO Out dated connection ,size=0

2023-03-29 16:50:23,683 INFO Connection check task end

2023-03-29 16:50:26,683 INFO Connection check task start

2023-03-29 16:50:26,685 INFO Total count =0, sdkCount=0,clusterCount=0, currentLimit=-1, toExpelCount=0

2023-03-29 16:50:26,686 INFO Check over limit for ip limit rule, over limit ip count=0

2023-03-29 16:50:26,689 INFO Out dated connection ,size=0

2023-03-29 16:50:26,689 INFO Connection check task end

2023-03-29 16:50:29,691 INFO Connection check task start

2023-03-29 16:50:29,692 INFO Total count =0, sdkCount=0,clusterCount=0, currentLimit=-1, toExpelCount=0

2023-03-29 16:50:29,693 INFO Check over limit for ip limit rule, over limit ip count=0

2023-03-29 16:50:29,693 INFO Out dated connection ,size=0

2023-03-29 16:50:29,694 INFO Connection check task end

2023-03-29 16:50:32,694 INFO Connection check task start

2023-03-29 16:50:32,695 INFO Total count =0, sdkCount=0,clusterCount=0, currentLimit=-1, toExpelCount=0

2023-03-29 16:50:32,696 INFO Check over limit for ip limit rule, over limit ip count=0

2023-03-29 16:50:32,696 INFO Out dated connection ,size=0

2023-03-29 16:50:32,696 INFO Connection check task end

2023-03-29 16:50:35,697 INFO Connection check task start

2023-03-29 16:50:35,698 INFO Total count =0, sdkCount=0,clusterCount=0, currentLimit=-1, toExpelCount=0

2023-03-29 16:50:35,699 INFO Check over limit for ip limit rule, over limit ip count=0

2023-03-29 16:50:35,700 INFO Out dated connection ,size=0

2023-03-29 16:50:35,701 INFO Connection check task end

2023-03-29 16:50:38,701 INFO Connection check task start

2023-03-29 16:50:38,702 INFO Total count =0, sdkCount=0,clusterCount=0, currentLimit=-1, toExpelCount=0

2023-03-29 16:50:38,703 INFO Check over limit for ip limit rule, over limit ip count=0

2023-03-29 16:50:38,703 INFO Out dated connection ,size=0

2023-03-29 16:50:38,704 INFO Connection check task end

2023-03-29 16:50:41,704 INFO Connection check task start

2023-03-29 16:50:41,705 INFO Total count =0, sdkCount=0,clusterCount=0, currentLimit=-1, toExpelCount=0

2023-03-29 16:50:41,706 INFO Check over limit for ip limit rule, over limit ip count=0

2023-03-29 16:50:41,706 INFO Out dated connection ,size=0

2023-03-29 16:50:41,707 INFO Connection check task end

2023-03-29 16:50:44,708 INFO Connection check task start

2023-03-29 16:50:44,709 INFO Total count =0, sdkCount=0,clusterCount=0, currentLimit=-1, toExpelCount=0

2023-03-29 16:50:44,710 INFO Check over limit for ip limit rule, over limit ip count=0

2023-03-29 16:50:44,710 INFO Out dated connection ,size=0

2023-03-29 16:50:44,711 INFO Connection check task end

2023-03-29 16:50:47,712 INFO Connection check task start

2023-03-29 16:50:47,713 INFO Total count =0, sdkCount=0,clusterCount=0, currentLimit=-1, toExpelCount=0

2023-03-29 16:50:47,714 INFO Check over limit for ip limit rule, over limit ip count=0

2023-03-29 16:50:47,714 INFO Out dated connection ,size=0

2023-03-29 16:50:47,715 INFO Connection check task end

2023-03-29 16:50:50,716 INFO Connection check task start

2023-03-29 16:50:50,717 INFO Total count =0, sdkCount=0,clusterCount=0, currentLimit=-1, toExpelCount=0

2023-03-29 16:50:50,717 INFO Check over limit for ip limit rule, over limit ip count=0

2023-03-29 16:50:50,718 INFO Out dated connection ,size=0

2023-03-29 16:50:50,718 INFO Connection check task end

2023-03-29 16:50:53,719 INFO Connection check task start

2023-03-29 16:50:53,720 INFO Total count =0, sdkCount=0,clusterCount=0, currentLimit=-1, toExpelCount=0

2023-03-29 16:50:53,721 INFO Check over limit for ip limit rule, over limit ip count=0

2023-03-29 16:50:53,721 INFO Out dated connection ,size=0

2023-03-29 16:50:53,722 INFO Connection check task end

2023-03-29 16:50:56,723 INFO Connection check task start

2023-03-29 16:50:56,725 INFO Total count =0, sdkCount=0,clusterCount=0, currentLimit=-1, toExpelCount=0

2023-03-29 16:50:56,725 INFO Check over limit for ip limit rule, over limit ip count=0

2023-03-29 16:50:56,725 INFO Out dated connection ,size=0

2023-03-29 16:50:56,726 INFO Connection check task end

2023-03-29 16:50:59,726 INFO Connection check task start

2023-03-29 16:50:59,728 INFO Total count =0, sdkCount=0,clusterCount=0, currentLimit=-1, toExpelCount=0

2023-03-29 16:50:59,729 INFO Check over limit for ip limit rule, over limit ip count=0

2023-03-29 16:50:59,729 INFO Out dated connection ,size=0

2023-03-29 16:50:59,730 INFO Connection check task end

2023-03-29 16:51:02,731 INFO Connection check task start

2023-03-29 16:51:02,733 INFO Total count =0, sdkCount=0,clusterCount=0, currentLimit=-1, toExpelCount=0

2023-03-29 16:51:02,733 INFO Check over limit for ip limit rule, over limit ip count=0

2023-03-29 16:51:02,734 INFO Out dated connection ,size=0

2023-03-29 16:51:02,734 INFO Connection check task end

2023-03-29 16:51:05,735 INFO Connection check task start

2023-03-29 16:51:05,736 INFO Total count =0, sdkCount=0,clusterCount=0, currentLimit=-1, toExpelCount=0

2023-03-29 16:51:05,737 INFO Check over limit for ip limit rule, over limit ip count=0

2023-03-29 16:51:05,737 INFO Out dated connection ,size=0

2023-03-29 16:51:05,738 INFO Connection check task end

2023-03-29 16:51:08,738 INFO Connection check task start

2023-03-29 16:51:08,740 INFO Total count =0, sdkCount=0,clusterCount=0, currentLimit=-1, toExpelCount=0

2023-03-29 16:51:08,740 INFO Check over limit for ip limit rule, over limit ip count=0

2023-03-29 16:51:08,741 INFO Out dated connection ,size=0

2023-03-29 16:51:08,741 INFO Connection check task end

2023-03-29 16:51:11,743 INFO Connection check task start

2023-03-29 16:51:11,744 INFO Total count =0, sdkCount=0,clusterCount=0, currentLimit=-1, toExpelCount=0

2023-03-29 16:51:11,746 INFO Check over limit for ip limit rule, over limit ip count=0

2023-03-29 16:51:11,746 INFO Out dated connection ,size=0

2023-03-29 16:51:11,747 INFO Connection check task end

2023-03-29 16:51:14,747 INFO Connection check task start

2023-03-29 16:51:14,748 INFO Total count =0, sdkCount=0,clusterCount=0, currentLimit=-1, toExpelCount=0

2023-03-29 16:51:14,749 INFO Check over limit for ip limit rule, over limit ip count=0

2023-03-29 16:51:14,750 INFO Out dated connection ,size=0

2023-03-29 16:51:14,750 INFO Connection check task end

2023-03-29 16:51:17,750 INFO Connection check task start

2023-03-29 16:51:17,752 INFO Total count =0, sdkCount=0,clusterCount=0, currentLimit=-1, toExpelCount=0

2023-03-29 16:51:17,753 INFO Check over limit for ip limit rule, over limit ip count=0

2023-03-29 16:51:17,754 INFO Out dated connection ,size=0

2023-03-29 16:51:17,754 INFO Connection check task end

2023-03-29 16:51:20,755 INFO Connection check task start

2023-03-29 16:51:20,757 INFO Total count =0, sdkCount=0,clusterCount=0, currentLimit=-1, toExpelCount=0

2023-03-29 16:51:20,757 INFO Check over limit for ip limit rule, over limit ip count=0

2023-03-29 16:51:20,757 INFO Out dated connection ,size=0

2023-03-29 16:51:20,758 INFO Connection check task end

2023-03-29 16:51:23,758 INFO Connection check task start

2023-03-29 16:51:23,759 INFO Total count =0, sdkCount=0,clusterCount=0, currentLimit=-1, toExpelCount=0

2023-03-29 16:51:23,760 INFO Check over limit for ip limit rule, over limit ip count=0

2023-03-29 16:51:23,760 INFO Out dated connection ,size=0

2023-03-29 16:51:23,761 INFO Connection check task end

2023-03-29 16:51:26,761 INFO Connection check task start

2023-03-29 16:51:26,762 INFO Total count =0, sdkCount=0,clusterCount=0, currentLimit=-1, toExpelCount=0

2023-03-29 16:51:26,763 INFO Check over limit for ip limit rule, over limit ip count=0

2023-03-29 16:51:26,763 INFO Out dated connection ,size=0

2023-03-29 16:51:26,764 INFO Connection check task end

2023-03-29 16:51:29,764 INFO Connection check task start

2023-03-29 16:51:29,766 INFO Total count =0, sdkCount=0,clusterCount=0, currentLimit=-1, toExpelCount=0

2023-03-29 16:51:29,767 INFO Check over limit for ip limit rule, over limit ip count=0

2023-03-29 16:51:29,767 INFO Out dated connection ,size=0

2023-03-29 16:51:29,768 INFO Connection check task end

2023-03-29 16:51:32,768 INFO Connection check task start

2023-03-29 16:51:32,770 INFO Total count =0, sdkCount=0,clusterCount=0, currentLimit=-1, toExpelCount=0

2023-03-29 16:51:32,770 INFO Check over limit for ip limit rule, over limit ip count=0

2023-03-29 16:51:32,770 INFO Out dated connection ,size=0

2023-03-29 16:51:32,771 INFO Connection check task end

2023-03-29 16:51:35,772 INFO Connection check task start

2023-03-29 16:51:35,773 INFO Total count =0, sdkCount=0,clusterCount=0, currentLimit=-1, toExpelCount=0

2023-03-29 16:51:35,774 INFO Check over limit for ip limit rule, over limit ip count=0

2023-03-29 16:51:35,774 INFO Out dated connection ,size=0

2023-03-29 16:51:35,775 INFO Connection check task end

2023-03-29 16:51:38,775 INFO Connection check task start

2023-03-29 16:51:38,776 INFO Total count =0, sdkCount=0,clusterCount=0, currentLimit=-1, toExpelCount=0

2023-03-29 16:51:38,777 INFO Check over limit for ip limit rule, over limit ip count=0

2023-03-29 16:51:38,777 INFO Out dated connection ,size=0

2023-03-29 16:51:38,778 INFO Connection check task end

2023-03-29 16:51:41,778 INFO Connection check task start

2023-03-29 16:51:41,779 INFO Total count =0, sdkCount=0,clusterCount=0, currentLimit=-1, toExpelCount=0

2023-03-29 16:51:41,780 INFO Check over limit for ip limit rule, over limit ip count=0

2023-03-29 16:51:41,781 INFO Out dated connection ,size=0

2023-03-29 16:51:41,781 INFO Connection check task end

2023-03-29 16:51:44,782 INFO Connection check task start

2023-03-29 16:51:44,783 INFO Total count =0, sdkCount=0,clusterCount=0, currentLimit=-1, toExpelCount=0

2023-03-29 16:51:44,783 INFO Check over limit for ip limit rule, over limit ip count=0

2023-03-29 16:51:44,784 INFO Out dated connection ,size=0

2023-03-29 16:51:44,784 INFO Connection check task end

2023-03-29 16:51:47,785 INFO Connection check task start

2023-03-29 16:51:47,787 INFO Total count =0, sdkCount=0,clusterCount=0, currentLimit=-1, toExpelCount=0

2023-03-29 16:51:47,788 INFO Check over limit for ip limit rule, over limit ip count=0

2023-03-29 16:51:47,788 INFO Out dated connection ,size=0

2023-03-29 16:51:47,789 INFO Connection check task end

2023-03-29 16:51:50,789 INFO Connection check task start

2023-03-29 16:51:50,790 INFO Total count =0, sdkCount=0,clusterCount=0, currentLimit=-1, toExpelCount=0

2023-03-29 16:51:50,790 INFO Check over limit for ip limit rule, over limit ip count=0

2023-03-29 16:51:50,791 INFO Out dated connection ,size=0

2023-03-29 16:51:50,791 INFO Connection check task end

2023-03-29 16:51:53,792 INFO Connection check task start

2023-03-29 16:51:53,793 INFO Total count =0, sdkCount=0,clusterCount=0, currentLimit=-1, toExpelCount=0

2023-03-29 16:51:53,794 INFO Check over limit for ip limit rule, over limit ip count=0

2023-03-29 16:51:53,795 INFO Out dated connection ,size=0

2023-03-29 16:51:53,795 INFO Connection check task end

2023-03-29 16:51:56,796 INFO Connection check task start

2023-03-29 16:51:56,797 INFO Total count =0, sdkCount=0,clusterCount=0, currentLimit=-1, toExpelCount=0

2023-03-29 16:51:56,798 INFO Check over limit for ip limit rule, over limit ip count=0

2023-03-29 16:51:56,798 INFO Out dated connection ,size=0

2023-03-29 16:51:56,798 INFO Connection check task end

2023-03-29 16:51:59,799 INFO Connection check task start

2023-03-29 16:51:59,800 INFO Total count =0, sdkCount=0,clusterCount=0, currentLimit=-1, toExpelCount=0

2023-03-29 16:51:59,801 INFO Check over limit for ip limit rule, over limit ip count=0

2023-03-29 16:51:59,801 INFO Out dated connection ,size=0

2023-03-29 16:51:59,802 INFO Connection check task end

2023-03-29 16:52:02,803 INFO Connection check task start

2023-03-29 16:52:02,804 INFO Total count =0, sdkCount=0,clusterCount=0, currentLimit=-1, toExpelCount=0

2023-03-29 16:52:02,804 INFO Check over limit for ip limit rule, over limit ip count=0

2023-03-29 16:52:02,805 INFO Out dated connection ,size=0

2023-03-29 16:52:02,805 INFO Connection check task end

2023-03-29 16:52:05,806 INFO Connection check task start

2023-03-29 16:52:05,807 INFO Total count =0, sdkCount=0,clusterCount=0, currentLimit=-1, toExpelCount=0

2023-03-29 16:52:05,807 INFO Check over limit for ip limit rule, over limit ip count=0

2023-03-29 16:52:05,808 INFO Out dated connection ,size=0

2023-03-29 16:52:05,809 INFO Connection check task end

2023-03-29 16:52:08,809 INFO Connection check task start

2023-03-29 16:52:08,810 INFO Total count =0, sdkCount=0,clusterCount=0, currentLimit=-1, toExpelCount=0

2023-03-29 16:52:08,811 INFO Check over limit for ip limit rule, over limit ip count=0

2023-03-29 16:52:08,812 INFO Out dated connection ,size=0

2023-03-29 16:52:08,812 INFO Connection check task end

2023-03-29 16:52:11,814 INFO Connection check task start

2023-03-29 16:52:11,815 INFO Total count =0, sdkCount=0,clusterCount=0, currentLimit=-1, toExpelCount=0

2023-03-29 16:52:11,816 INFO Check over limit for ip limit rule, over limit ip count=0

2023-03-29 16:52:11,816 INFO Out dated connection ,size=0

2023-03-29 16:52:11,817 INFO Connection check task end

2023-03-29 16:52:14,817 INFO Connection check task start

2023-03-29 16:52:14,818 INFO Total count =0, sdkCount=0,clusterCount=0, currentLimit=-1, toExpelCount=0

2023-03-29 16:52:14,818 INFO Check over limit for ip limit rule, over limit ip count=0

2023-03-29 16:52:14,819 INFO Out dated connection ,size=0

2023-03-29 16:52:14,819 INFO Connection check task end

2023-03-29 16:52:17,820 INFO Connection check task start

2023-03-29 16:52:17,821 INFO Total count =0, sdkCount=0,clusterCount=0, currentLimit=-1, toExpelCount=0

2023-03-29 16:52:17,823 INFO Check over limit for ip limit rule, over limit ip count=0

2023-03-29 16:52:17,823 INFO Out dated connection ,size=0

2023-03-29 16:52:17,824 INFO Connection check task end

2023-03-29 16:52:20,824 INFO Connection check task start

2023-03-29 16:52:20,826 INFO Total count =0, sdkCount=0,clusterCount=0, currentLimit=-1, toExpelCount=0

2023-03-29 16:52:20,826 INFO Check over limit for ip limit rule, over limit ip count=0

2023-03-29 16:52:20,826 INFO Out dated connection ,size=0

2023-03-29 16:52:20,827 INFO Connection check task end

2023-03-29 16:52:23,828 INFO Connection check task start

2023-03-29 16:52:23,829 INFO Total count =0, sdkCount=0,clusterCount=0, currentLimit=-1, toExpelCount=0

2023-03-29 16:52:23,830 INFO Check over limit for ip limit rule, over limit ip count=0

2023-03-29 16:52:23,830 INFO Out dated connection ,size=0

2023-03-29 16:52:23,831 INFO Connection check task end

2023-03-29 16:52:26,831 INFO Connection check task start

2023-03-29 16:52:26,832 INFO Total count =0, sdkCount=0,clusterCount=0, currentLimit=-1, toExpelCount=0

2023-03-29 16:52:26,832 INFO Check over limit for ip limit rule, over limit ip count=0

2023-03-29 16:52:26,833 INFO Out dated connection ,size=0

2023-03-29 16:52:26,833 INFO Connection check task end

2023-03-29 16:52:29,834 INFO Connection check task start

2023-03-29 16:52:29,837 INFO Total count =0, sdkCount=0,clusterCount=0, currentLimit=-1, toExpelCount=0

2023-03-29 16:52:29,841 INFO Check over limit for ip limit rule, over limit ip count=0

2023-03-29 16:52:29,843 INFO Out dated connection ,size=0

2023-03-29 16:52:29,847 INFO Connection check task end

2023-03-29 16:52:32,848 INFO Connection check task start

2023-03-29 16:52:32,849 INFO Total count =0, sdkCount=0,clusterCount=0, currentLimit=-1, toExpelCount=0

2023-03-29 16:52:32,849 INFO Check over limit for ip limit rule, over limit ip count=0

2023-03-29 16:52:32,849 INFO Out dated connection ,size=0

2023-03-29 16:52:32,849 INFO Connection check task end

2023-03-29 16:52:35,850 INFO Connection check task start

2023-03-29 16:52:35,852 INFO Total count =0, sdkCount=0,clusterCount=0, currentLimit=-1, toExpelCount=0

2023-03-29 16:52:35,853 INFO Check over limit for ip limit rule, over limit ip count=0

2023-03-29 16:52:35,853 INFO Out dated connection ,size=0

2023-03-29 16:52:35,854 INFO Connection check task end

2023-03-29 16:52:38,854 INFO Connection check task start

2023-03-29 16:52:38,855 INFO Total count =0, sdkCount=0,clusterCount=0, currentLimit=-1, toExpelCount=0

2023-03-29 16:52:38,856 INFO Check over limit for ip limit rule, over limit ip count=0

2023-03-29 16:52:38,857 INFO Out dated connection ,size=0

2023-03-29 16:52:38,857 INFO Connection check task end

2023-03-29 16:52:41,858 INFO Connection check task start

2023-03-29 16:52:41,858 INFO Total count =0, sdkCount=0,clusterCount=0, currentLimit=-1, toExpelCount=0

2023-03-29 16:52:41,859 INFO Check over limit for ip limit rule, over limit ip count=0

2023-03-29 16:52:41,859 INFO Out dated connection ,size=0

2023-03-29 16:52:41,860 INFO Connection check task end

2023-03-29 16:52:44,860 INFO Connection check task start

2023-03-29 16:52:44,862 INFO Total count =0, sdkCount=0,clusterCount=0, currentLimit=-1, toExpelCount=0

2023-03-29 16:52:44,862 INFO Check over limit for ip limit rule, over limit ip count=0

2023-03-29 16:52:44,862 INFO Out dated connection ,size=0

2023-03-29 16:52:44,863 INFO Connection check task end

2023-03-29 16:52:47,863 INFO Connection check task start

2023-03-29 16:52:47,865 INFO Total count =0, sdkCount=0,clusterCount=0, currentLimit=-1, toExpelCount=0

2023-03-29 16:52:47,866 INFO Check over limit for ip limit rule, over limit ip count=0

2023-03-29 16:52:47,867 INFO Out dated connection ,size=0

2023-03-29 16:52:47,868 INFO Connection check task end

2023-03-29 16:52:50,869 INFO Connection check task start

2023-03-29 16:52:50,870 INFO Total count =0, sdkCount=0,clusterCount=0, currentLimit=-1, toExpelCount=0

2023-03-29 16:52:50,870 INFO Check over limit for ip limit rule, over limit ip count=0

2023-03-29 16:52:50,871 INFO Out dated connection ,size=0

2023-03-29 16:52:50,871 INFO Connection check task end

2023-03-29 16:52:53,872 INFO Connection check task start

2023-03-29 16:52:53,873 INFO Total count =0, sdkCount=0,clusterCount=0, currentLimit=-1, toExpelCount=0

2023-03-29 16:52:53,874 INFO Check over limit for ip limit rule, over limit ip count=0

2023-03-29 16:52:53,874 INFO Out dated connection ,size=0

2023-03-29 16:52:53,875 INFO Connection check task end

2023-03-29 16:52:56,876 INFO Connection check task start

2023-03-29 16:52:56,877 INFO Total count =0, sdkCount=0,clusterCount=0, currentLimit=-1, toExpelCount=0

2023-03-29 16:52:56,878 INFO Check over limit for ip limit rule, over limit ip count=0

2023-03-29 16:52:56,878 INFO Out dated connection ,size=0

2023-03-29 16:52:56,879 INFO Connection check task end

2023-03-29 16:52:59,880 INFO Connection check task start

2023-03-29 16:52:59,881 INFO Total count =0, sdkCount=0,clusterCount=0, currentLimit=-1, toExpelCount=0

2023-03-29 16:52:59,882 INFO Check over limit for ip limit rule, over limit ip count=0

2023-03-29 16:52:59,883 INFO Out dated connection ,size=0

2023-03-29 16:52:59,884 INFO Connection check task end

2023-03-29 16:53:02,884 INFO Connection check task start

2023-03-29 16:53:02,885 INFO Total count =0, sdkCount=0,clusterCount=0, currentLimit=-1, toExpelCount=0

2023-03-29 16:53:02,885 INFO Check over limit for ip limit rule, over limit ip count=0

2023-03-29 16:53:02,886 INFO Out dated connection ,size=0

2023-03-29 16:53:02,886 INFO Connection check task end

2023-03-29 16:53:05,887 INFO Connection check task start

2023-03-29 16:53:05,888 INFO Total count =0, sdkCount=0,clusterCount=0, currentLimit=-1, toExpelCount=0

2023-03-29 16:53:05,889 INFO Check over limit for ip limit rule, over limit ip count=0

2023-03-29 16:53:05,889 INFO Out dated connection ,size=0

2023-03-29 16:53:05,890 INFO Connection check task end

