2023-03-29 16:46:43,489 INFO Register tps control,pointName=CONFIG_PUSH_COUNT, point=com.alibaba.nacos.core.remote.control.TpsMonitorPoint@3a022576 

2023-03-29 16:46:43,506 INFO Load rule from local,pointName=CONFIG_PUSH_COUNT, ruleContent= 

2023-03-29 16:46:43,507 INFO Apply tps control rule parse start,pointName=[CONFIG_PUSH_COUNT]  

2023-03-29 16:46:43,508 INFO Clear point  control rule ,pointName=[CONFIG_PUSH_COUNT]  

2023-03-29 16:46:43,508 INFO Clear point  control rule for monitorKeys, pointName=[CONFIG_PUSH_COUNT]  

2023-03-29 16:46:43,510 INFO Register tps control,pointName=CONFIG_PUSH_SUCCESS, point=com.alibaba.nacos.core.remote.control.TpsMonitorPoint@2dbd803f 

2023-03-29 16:46:43,511 INFO Load rule from local,pointName=CONFIG_PUSH_SUCCESS, ruleContent= 

2023-03-29 16:46:43,511 INFO Apply tps control rule parse start,pointName=[CONFIG_PUSH_SUCCESS]  

2023-03-29 16:46:43,512 INFO Clear point  control rule ,pointName=[CONFIG_PUSH_SUCCESS]  

2023-03-29 16:46:43,513 INFO Clear point  control rule for monitorKeys, pointName=[CONFIG_PUSH_SUCCESS]  

2023-03-29 16:46:43,513 INFO Register tps control,pointName=CONFIG_PUSH_FAIL, point=com.alibaba.nacos.core.remote.control.TpsMonitorPoint@3e48e859 

2023-03-29 16:46:43,514 INFO Load rule from local,pointName=CONFIG_PUSH_FAIL, ruleContent= 

2023-03-29 16:46:43,514 INFO Apply tps control rule parse start,pointName=[CONFIG_PUSH_FAIL]  

2023-03-29 16:46:43,515 INFO Clear point  control rule ,pointName=[CONFIG_PUSH_FAIL]  

2023-03-29 16:46:43,515 INFO Clear point  control rule for monitorKeys, pointName=[CONFIG_PUSH_FAIL]  

2023-03-29 16:46:47,973 INFO Register tps control,pointName=ConfigQuery, point=com.alibaba.nacos.core.remote.control.TpsMonitorPoint@2acbc859 

2023-03-29 16:46:47,974 INFO Load rule from local,pointName=ConfigQuery, ruleContent= 

2023-03-29 16:46:47,976 INFO Apply tps control rule parse start,pointName=[ConfigQuery]  

2023-03-29 16:46:47,976 INFO Clear point  control rule ,pointName=[ConfigQuery]  

2023-03-29 16:46:47,976 INFO Clear point  control rule for monitorKeys, pointName=[ConfigQuery]  

2023-03-29 16:46:47,977 INFO Register tps control,pointName=ClusterConfigChangeNotify, point=com.alibaba.nacos.core.remote.control.TpsMonitorPoint@6ab7ce48 

2023-03-29 16:46:47,978 INFO Load rule from local,pointName=ClusterConfigChangeNotify, ruleContent= 

2023-03-29 16:46:47,978 INFO Apply tps control rule parse start,pointName=[ClusterConfigChangeNotify]  

2023-03-29 16:46:47,979 INFO Clear point  control rule ,pointName=[ClusterConfigChangeNotify]  

2023-03-29 16:46:47,979 INFO Clear point  control rule for monitorKeys, pointName=[ClusterConfigChangeNotify]  

2023-03-29 16:46:47,980 INFO Register tps control,pointName=ConfigListen, point=com.alibaba.nacos.core.remote.control.TpsMonitorPoint@2c6aed22 

2023-03-29 16:46:47,981 INFO Load rule from local,pointName=ConfigListen, ruleContent= 

2023-03-29 16:46:47,982 INFO Apply tps control rule parse start,pointName=[ConfigListen]  

2023-03-29 16:46:47,982 INFO Clear point  control rule ,pointName=[ConfigListen]  

2023-03-29 16:46:47,983 INFO Clear point  control rule for monitorKeys, pointName=[ConfigListen]  

2023-03-29 16:46:47,983 INFO Register tps control,pointName=ConfigRemove, point=com.alibaba.nacos.core.remote.control.TpsMonitorPoint@e322ec9 

2023-03-29 16:46:47,984 INFO Load rule from local,pointName=ConfigRemove, ruleContent= 

2023-03-29 16:46:47,985 INFO Apply tps control rule parse start,pointName=[ConfigRemove]  

2023-03-29 16:46:47,987 INFO Clear point  control rule ,pointName=[ConfigRemove]  

2023-03-29 16:46:47,987 INFO Clear point  control rule for monitorKeys, pointName=[ConfigRemove]  

2023-03-29 16:46:47,988 INFO Register tps control,pointName=ConfigPublish, point=com.alibaba.nacos.core.remote.control.TpsMonitorPoint@7acfb656 

2023-03-29 16:46:47,989 INFO Load rule from local,pointName=ConfigPublish, ruleContent= 

2023-03-29 16:46:47,989 INFO Apply tps control rule parse start,pointName=[ConfigPublish]  

2023-03-29 16:46:47,990 INFO Clear point  control rule ,pointName=[ConfigPublish]  

2023-03-29 16:46:47,991 INFO Clear point  control rule for monitorKeys, pointName=[ConfigPublish]  

2023-03-29 16:46:47,991 INFO Register tps control,pointName=HealthCheck, point=com.alibaba.nacos.core.remote.control.TpsMonitorPoint@2e5ee2c9 

2023-03-29 16:46:47,992 INFO Load rule from local,pointName=HealthCheck, ruleContent= 

2023-03-29 16:46:47,992 INFO Apply tps control rule parse start,pointName=[HealthCheck]  

2023-03-29 16:46:47,993 INFO Clear point  control rule ,pointName=[HealthCheck]  

2023-03-29 16:46:47,993 INFO Clear point  control rule for monitorKeys, pointName=[HealthCheck]  

